(---------------------------------------------------------------------)
(                                                                     )
(    Dangling Line, Via and Antenna Report                            )
(                                                                     )
(    Drawing          : 555-timer.brd                                 )
(    Software Version : 17.4S035                                      )
(    Date/Time        : Wed Sep  6 15:03:01 2023                      )
(                                                                     )
(---------------------------------------------------------------------)


Report methodology:
  - Dangling lines have at least one end not connected.
  - Dangling vias have one or no connection
      - Plus are not a test, thieving or netshort property via.
  - Antenna vias do not have connections on their start and end layers.
      - Plus they are not a thieving vias.
      - Optionally, VOLTAGE nets, testvias and through vias can be suppressed with
        the environment variable report_antennavia.
      - Section may be suppressed by variable report_noantennavia.
  - Not part of the current partition.
  - To suppress items in dangle report add the OK_DANGLE property to the via
    or connect line.

<< Dangling Lines >>  - Location marked with a star (*) is dangling.
  Net                 Layer                  Length       Location
  ------------------------------------------------------------------------------------------
  0                    TOP                   548.28     *(8953.48 6136.00) to  (8550.00 6300.00)

<< Summary >>
  Total dangling lines:       1
  Total dangling vias:        0
  Total antenna vias:         0
